<?xml version="1.0" encoding="UTF-8"?>
<!-- Generated by org.testng.reporters.JUnitReportReporter -->
<testsuite hostname="PRO-IND-996" failures="0" tests="1" name="com.testTestng.AnnotationDemo" time="0.014" errors="0" timestamp="2022-04-07T08:46:47 IST" skipped="0">
  <testcase classname="com.testTestng.AnnotationDemo" name="m1" time="0.014"/>
  <system-out/>
</testsuite> <!-- com.testTestng.AnnotationDemo -->
