<?xml version="1.0" encoding="UTF-8"?>
<!-- Generated by org.testng.reporters.JUnitReportReporter -->
<testsuite hostname="PRO-IND-996" failures="0" tests="2" name="proSel.TestNgTestAll" time="0.009" errors="0" timestamp="2022-04-08T08:29:37 IST" skipped="1">
  <testcase classname="proSel.TestNgTestAll" name="mq1" time="0.009"/>
  <system-out/>
  <testcase classname="proSel.TestNgTestAll" name="m1">
    <skipped/>
  </testcase> <!-- m1 -->
  <system-out/>
</testsuite> <!-- proSel.TestNgTestAll -->
