<?xml version="1.0" encoding="UTF-8"?>
<!-- Generated by org.testng.reporters.JUnitReportReporter -->
<testsuite hostname="PRO-IND-996" failures="0" tests="1" name="proSel.callDriverClass" time="4.748" errors="0" timestamp="2022-04-19T17:26:35 IST" skipped="0">
  <testcase classname="proSel.callDriverClass" name="testSelctor" time="4.748"/>
  <system-out/>
</testsuite> <!-- proSel.callDriverClass -->
