<?xml version="1.0" encoding="UTF-8"?>
<!-- Generated by org.testng.reporters.JUnitReportReporter -->
<testsuite hostname="PRO-IND-996" failures="0" tests="1" name="proSel.Pepdemo" time="0.266" errors="0" timestamp="2022-04-19T17:08:23 IST" skipped="0">
  <testcase classname="proSel.Pepdemo" name="callBase" time="0.266"/>
  <system-out/>
</testsuite> <!-- proSel.Pepdemo -->
